<?xml version="1.0" encoding="UTF-8"?>
<testng-results skipped="0" failed="0" ignored="0" total="1" passed="1">
  <reporter-output>
  </reporter-output>
  <suite name="Default suite" duration-ms="1563" started-at="2019-05-28T18:21:47Z" finished-at="2019-05-28T18:21:48Z">
    <groups>
    </groups>
    <test name="Default test" duration-ms="1563" started-at="2019-05-28T18:21:47Z" finished-at="2019-05-28T18:21:48Z">
      <class name="com.sample.report.ExtentReport">
        <test-method status="PASS" signature="init()[pri:0, instance:com.sample.report.ExtentReport@6e0e048a]" name="init" is-config="true" duration-ms="307" started-at="2019-05-28T18:21:47Z" finished-at="2019-05-28T18:21:47Z">
          <reporter-output>
          </reporter-output>
        </test-method> <!-- init -->
        <test-method status="PASS" signature="first()[pri:0, instance:com.sample.report.ExtentReport@6e0e048a]" name="first" duration-ms="17" started-at="2019-05-28T18:21:47Z" finished-at="2019-05-28T18:21:47Z">
          <reporter-output>
          </reporter-output>
        </test-method> <!-- first -->
        <test-method status="PASS" signature="close()[pri:0, instance:com.sample.report.ExtentReport@6e0e048a]" name="close" is-config="true" duration-ms="1199" started-at="2019-05-28T18:21:47Z" finished-at="2019-05-28T18:21:48Z">
          <reporter-output>
          </reporter-output>
        </test-method> <!-- close -->
      </class> <!-- com.sample.report.ExtentReport -->
    </test> <!-- Default test -->
  </suite> <!-- Default suite -->
</testng-results>
